<?xml version="1.0" encoding="UTF-8"?>
<!-- Generated by org.testng.reporters.JUnitReportReporter -->
<testsuite hostname="inbl01lap7182" failures="0" tests="1" name="TestCases.LoginPageTest" time="7.750" errors="0" timestamp="17 Feb 2022 10:43:30 GMT" skipped="0">
  <testcase classname="TestCases.LoginPageTest" name="validateLogin" time="7.750"/>
</testsuite> <!-- TestCases.LoginPageTest -->
