<?xml version="1.0" encoding="UTF-8"?>
<!-- Generated by org.testng.reporters.JUnitReportReporter -->
<testsuite hostname="inbl01lap7182" failures="0" tests="1" name="PageObjectTestcases.TC_003_Delete" time="3.563" errors="0" timestamp="19 Feb 2022 12:56:04 GMT" skipped="0">
  <testcase classname="PageObjectTestcases.TC_003_Delete" name="validateDelete" time="3.563"/>
</testsuite> <!-- PageObjectTestcases.TC_003_Delete -->
