<?xml version="1.0" encoding="UTF-8"?>
<!-- Generated by org.testng.reporters.JUnitReportReporter -->
<testsuite hostname="inbl01lap7182" failures="0" tests="1" name="PageObjectTestcases.TC_002_Delete" time="3.497" errors="0" timestamp="18 Feb 2022 08:31:07 GMT" skipped="0">
  <testcase classname="PageObjectTestcases.TC_002_Delete" name="validateDelete" time="3.497"/>
</testsuite> <!-- PageObjectTestcases.TC_002_Delete -->
