<?xml version="1.0" encoding="UTF-8"?>
<!-- Generated by org.testng.reporters.JUnitReportReporter -->
<testsuite hostname="inbl01lap7182" failures="0" tests="1" name="PageObjectTestcases.TC_001_Login" time="8.662" errors="0" timestamp="18 Feb 2022 08:31:07 GMT" skipped="0">
  <testcase classname="PageObjectTestcases.TC_001_Login" name="validateLogin" time="8.662"/>
</testsuite> <!-- PageObjectTestcases.TC_001_Login -->
