<?xml version="1.0" encoding="UTF-8"?>
<!-- Generated by org.testng.reporters.JUnitReportReporter -->
<testsuite hostname="inbl01lap7182" failures="0" tests="1" name="PageObjectTestcases.TC_003_Edit" time="2.010" errors="0" timestamp="18 Feb 2022 08:31:07 GMT" skipped="0">
  <testcase classname="PageObjectTestcases.TC_003_Edit" name="validateEdit" time="2.010"/>
</testsuite> <!-- PageObjectTestcases.TC_003_Edit -->
