<?xml version="1.0" encoding="UTF-8"?>
<!-- Generated by org.testng.reporters.JUnitReportReporter -->
<testsuite hostname="inbl01lap7182" failures="0" tests="1" name="PageObjectTestcases.TC_002_Login" time="0.761" errors="0" timestamp="19 Feb 2022 12:56:04 GMT" skipped="0">
  <testcase classname="PageObjectTestcases.TC_002_Login" name="validateLogin" time="0.761"/>
</testsuite> <!-- PageObjectTestcases.TC_002_Login -->
