<?xml version="1.0" encoding="UTF-8"?>
<!-- Generated by org.testng.reporters.JUnitReportReporter -->
<testsuite hostname="inbl01lap7182" failures="0" tests="1" name="SqlQuery.EmployeeTable" time="0.024" errors="0" timestamp="19 Feb 2022 13:47:26 GMT" skipped="0">
  <testcase classname="SqlQuery.EmployeeTable" name="test" time="0.024"/>
</testsuite> <!-- SqlQuery.EmployeeTable -->
